{"/Users/coraybennett/Documents/code/swen732/daycipe.io/server/config/contentRules.js": {"path":"/Users/coraybennett/Documents/code/swen732/daycipe.io/server/config/contentRules.js","statementMap":{"0":{"start":{"line":1,"column":38},"end":{"line":14,"column":3}},"1":{"start":{"line":4,"column":31},"end":{"line":4,"column":88}},"2":{"start":{"line":8,"column":31},"end":{"line":8,"column":88}},"3":{"start":{"line":12,"column":31},"end":{"line":12,"column":90}},"4":{"start":{"line":17,"column":43},"end":{"line":23,"column":3}},"5":{"start":{"line":18,"column":4},"end":{"line":20,"column":5}},"6":{"start":{"line":19,"column":6},"end":{"line":19,"column":55}},"7":{"start":{"line":22,"column":4},"end":{"line":22,"column":61}}},"fnMap":{"0":{"name":"(anonymous_0)","decl":{"start":{"line":4,"column":18},"end":{"line":4,"column":19}},"loc":{"start":{"line":4,"column":31},"end":{"line":4,"column":88}},"line":4},"1":{"name":"(anonymous_1)","decl":{"start":{"line":8,"column":18},"end":{"line":8,"column":19}},"loc":{"start":{"line":8,"column":31},"end":{"line":8,"column":88}},"line":8},"2":{"name":"(anonymous_2)","decl":{"start":{"line":12,"column":18},"end":{"line":12,"column":19}},"loc":{"start":{"line":12,"column":31},"end":{"line":12,"column":90}},"line":12},"3":{"name":"(anonymous_3)","decl":{"start":{"line":17,"column":43},"end":{"line":17,"column":44}},"loc":{"start":{"line":17,"column":62},"end":{"line":23,"column":3}},"line":17}},"branchMap":{"0":{"loc":{"start":{"line":18,"column":4},"end":{"line":20,"column":5}},"type":"if","locations":[{"start":{"line":18,"column":4},"end":{"line":20,"column":5}},{"start":{},"end":{}}],"line":18}},"s":{"0":3,"1":0,"2":0,"3":0,"4":3,"5":0,"6":0,"7":0},"f":{"0":0,"1":0,"2":0,"3":0},"b":{"0":[0,0]},"_coverageSchema":"1a1c01bbd47fc00a2c39e90264f33305004495a9","hash":"6f4820a7f03213bbc9c1d19e27c8b4d3130934b3"}
,"/Users/coraybennett/Documents/code/swen732/daycipe.io/server/db/conn.js": {"path":"/Users/coraybennett/Documents/code/swen732/daycipe.io/server/db/conn.js","statementMap":{"0":{"start":{"line":5,"column":17},"end":{"line":5,"column":20}},"1":{"start":{"line":7,"column":20},"end":{"line":13,"column":2}},"2":{"start":{"line":16,"column":19},"end":{"line":16,"column":48}},"3":{"start":{"line":17,"column":20},"end":{"line":17,"column":56}},"4":{"start":{"line":19,"column":26},"end":{"line":25,"column":1}},"5":{"start":{"line":20,"column":4},"end":{"line":24,"column":5}},"6":{"start":{"line":21,"column":8},"end":{"line":21,"column":32}},"7":{"start":{"line":23,"column":8},"end":{"line":23,"column":67}}},"fnMap":{"0":{"name":"(anonymous_0)","decl":{"start":{"line":19,"column":26},"end":{"line":19,"column":27}},"loc":{"start":{"line":19,"column":38},"end":{"line":25,"column":1}},"line":19}},"branchMap":{},"s":{"0":3,"1":3,"2":3,"3":3,"4":3,"5":0,"6":0,"7":0},"f":{"0":0},"b":{},"_coverageSchema":"1a1c01bbd47fc00a2c39e90264f33305004495a9","hash":"88f30a717a5aa0371430267db299477d83d1c10b"}
,"/Users/coraybennett/Documents/code/swen732/daycipe.io/server/db/queries/facts.js": {"path":"/Users/coraybennett/Documents/code/swen732/daycipe.io/server/db/queries/facts.js","statementMap":{"0":{"start":{"line":4,"column":24},"end":{"line":7,"column":1}},"1":{"start":{"line":5,"column":19},"end":{"line":5,"column":58}},"2":{"start":{"line":6,"column":4},"end":{"line":6,"column":23}},"3":{"start":{"line":9,"column":30},"end":{"line":12,"column":1}},"4":{"start":{"line":10,"column":19},"end":{"line":10,"column":96}},"5":{"start":{"line":11,"column":4},"end":{"line":11,"column":26}},"6":{"start":{"line":14,"column":26},"end":{"line":25,"column":1}},"7":{"start":{"line":15,"column":18},"end":{"line":15,"column":108}},"8":{"start":{"line":16,"column":19},"end":{"line":21,"column":5}},"9":{"start":{"line":23,"column":19},"end":{"line":23,"column":50}},"10":{"start":{"line":24,"column":4},"end":{"line":24,"column":29}},"11":{"start":{"line":27,"column":26},"end":{"line":34,"column":1}},"12":{"start":{"line":28,"column":18},"end":{"line":28,"column":80}},"13":{"start":{"line":29,"column":19},"end":{"line":29,"column":52}},"14":{"start":{"line":30,"column":24},"end":{"line":30,"column":38}},"15":{"start":{"line":32,"column":4},"end":{"line":32,"column":44}},"16":{"start":{"line":33,"column":4},"end":{"line":33,"column":23}},"17":{"start":{"line":36,"column":28},"end":{"line":43,"column":1}},"18":{"start":{"line":37,"column":18},"end":{"line":37,"column":80}},"19":{"start":{"line":38,"column":19},"end":{"line":38,"column":52}},"20":{"start":{"line":39,"column":24},"end":{"line":39,"column":38}},"21":{"start":{"line":41,"column":4},"end":{"line":41,"column":44}},"22":{"start":{"line":42,"column":4},"end":{"line":42,"column":23}},"23":{"start":{"line":46,"column":29},"end":{"line":56,"column":1}},"24":{"start":{"line":47,"column":26},"end":{"line":47,"column":65}},"25":{"start":{"line":49,"column":4},"end":{"line":55,"column":5}},"26":{"start":{"line":50,"column":8},"end":{"line":53,"column":10}},"27":{"start":{"line":54,"column":8},"end":{"line":54,"column":38}}},"fnMap":{"0":{"name":"(anonymous_0)","decl":{"start":{"line":4,"column":24},"end":{"line":4,"column":25}},"loc":{"start":{"line":4,"column":36},"end":{"line":7,"column":1}},"line":4},"1":{"name":"(anonymous_1)","decl":{"start":{"line":9,"column":30},"end":{"line":9,"column":31}},"loc":{"start":{"line":9,"column":42},"end":{"line":12,"column":1}},"line":9},"2":{"name":"(anonymous_2)","decl":{"start":{"line":14,"column":26},"end":{"line":14,"column":27}},"loc":{"start":{"line":14,"column":46},"end":{"line":25,"column":1}},"line":14},"3":{"name":"(anonymous_3)","decl":{"start":{"line":27,"column":26},"end":{"line":27,"column":27}},"loc":{"start":{"line":27,"column":44},"end":{"line":34,"column":1}},"line":27},"4":{"name":"(anonymous_4)","decl":{"start":{"line":36,"column":28},"end":{"line":36,"column":29}},"loc":{"start":{"line":36,"column":46},"end":{"line":43,"column":1}},"line":36},"5":{"name":"(anonymous_5)","decl":{"start":{"line":46,"column":29},"end":{"line":46,"column":30}},"loc":{"start":{"line":46,"column":45},"end":{"line":56,"column":1}},"line":46}},"branchMap":{"0":{"loc":{"start":{"line":49,"column":4},"end":{"line":55,"column":5}},"type":"if","locations":[{"start":{"line":49,"column":4},"end":{"line":55,"column":5}},{"start":{},"end":{}}],"line":49}},"s":{"0":1,"1":0,"2":0,"3":1,"4":0,"5":0,"6":1,"7":0,"8":0,"9":0,"10":0,"11":1,"12":0,"13":0,"14":0,"15":0,"16":0,"17":1,"18":0,"19":0,"20":0,"21":0,"22":0,"23":1,"24":0,"25":0,"26":0,"27":0},"f":{"0":0,"1":0,"2":0,"3":0,"4":0,"5":0},"b":{"0":[0,0]},"_coverageSchema":"1a1c01bbd47fc00a2c39e90264f33305004495a9","hash":"1c8f600f3df0d7dad528e298b5139fcfb4f7df9f"}
,"/Users/coraybennett/Documents/code/swen732/daycipe.io/server/db/queries/jokes.js": {"path":"/Users/coraybennett/Documents/code/swen732/daycipe.io/server/db/queries/jokes.js","statementMap":{"0":{"start":{"line":4,"column":24},"end":{"line":7,"column":1}},"1":{"start":{"line":5,"column":19},"end":{"line":5,"column":58}},"2":{"start":{"line":6,"column":4},"end":{"line":6,"column":23}},"3":{"start":{"line":9,"column":31},"end":{"line":12,"column":1}},"4":{"start":{"line":10,"column":19},"end":{"line":10,"column":111}},"5":{"start":{"line":11,"column":4},"end":{"line":11,"column":26}},"6":{"start":{"line":14,"column":26},"end":{"line":23,"column":1}},"7":{"start":{"line":15,"column":18},"end":{"line":15,"column":82}},"8":{"start":{"line":16,"column":19},"end":{"line":19,"column":5}},"9":{"start":{"line":21,"column":19},"end":{"line":21,"column":50}},"10":{"start":{"line":22,"column":4},"end":{"line":22,"column":29}},"11":{"start":{"line":25,"column":26},"end":{"line":32,"column":1}},"12":{"start":{"line":26,"column":18},"end":{"line":26,"column":80}},"13":{"start":{"line":27,"column":19},"end":{"line":27,"column":52}},"14":{"start":{"line":28,"column":24},"end":{"line":28,"column":38}},"15":{"start":{"line":30,"column":4},"end":{"line":30,"column":44}},"16":{"start":{"line":31,"column":4},"end":{"line":31,"column":23}},"17":{"start":{"line":34,"column":28},"end":{"line":41,"column":1}},"18":{"start":{"line":35,"column":18},"end":{"line":35,"column":80}},"19":{"start":{"line":36,"column":19},"end":{"line":36,"column":52}},"20":{"start":{"line":37,"column":24},"end":{"line":37,"column":38}},"21":{"start":{"line":39,"column":4},"end":{"line":39,"column":44}},"22":{"start":{"line":40,"column":4},"end":{"line":40,"column":23}},"23":{"start":{"line":44,"column":29},"end":{"line":54,"column":1}},"24":{"start":{"line":45,"column":26},"end":{"line":45,"column":65}},"25":{"start":{"line":47,"column":4},"end":{"line":53,"column":5}},"26":{"start":{"line":48,"column":8},"end":{"line":51,"column":10}},"27":{"start":{"line":52,"column":8},"end":{"line":52,"column":38}}},"fnMap":{"0":{"name":"(anonymous_0)","decl":{"start":{"line":4,"column":24},"end":{"line":4,"column":25}},"loc":{"start":{"line":4,"column":36},"end":{"line":7,"column":1}},"line":4},"1":{"name":"(anonymous_1)","decl":{"start":{"line":9,"column":31},"end":{"line":9,"column":32}},"loc":{"start":{"line":9,"column":43},"end":{"line":12,"column":1}},"line":9},"2":{"name":"(anonymous_2)","decl":{"start":{"line":14,"column":26},"end":{"line":14,"column":27}},"loc":{"start":{"line":14,"column":46},"end":{"line":23,"column":1}},"line":14},"3":{"name":"(anonymous_3)","decl":{"start":{"line":25,"column":26},"end":{"line":25,"column":27}},"loc":{"start":{"line":25,"column":44},"end":{"line":32,"column":1}},"line":25},"4":{"name":"(anonymous_4)","decl":{"start":{"line":34,"column":28},"end":{"line":34,"column":29}},"loc":{"start":{"line":34,"column":46},"end":{"line":41,"column":1}},"line":34},"5":{"name":"(anonymous_5)","decl":{"start":{"line":44,"column":29},"end":{"line":44,"column":30}},"loc":{"start":{"line":44,"column":45},"end":{"line":54,"column":1}},"line":44}},"branchMap":{"0":{"loc":{"start":{"line":47,"column":4},"end":{"line":53,"column":5}},"type":"if","locations":[{"start":{"line":47,"column":4},"end":{"line":53,"column":5}},{"start":{},"end":{}}],"line":47}},"s":{"0":1,"1":0,"2":0,"3":1,"4":0,"5":0,"6":1,"7":0,"8":0,"9":0,"10":0,"11":1,"12":0,"13":0,"14":0,"15":0,"16":0,"17":1,"18":0,"19":0,"20":0,"21":0,"22":0,"23":1,"24":0,"25":0,"26":0,"27":0},"f":{"0":0,"1":0,"2":0,"3":0,"4":0,"5":0},"b":{"0":[0,0]},"_coverageSchema":"1a1c01bbd47fc00a2c39e90264f33305004495a9","hash":"2de47332c9a9755a06f50b7b577356e6e339fcc7"}
,"/Users/coraybennett/Documents/code/swen732/daycipe.io/server/db/queries/recipes.js": {"path":"/Users/coraybennett/Documents/code/swen732/daycipe.io/server/db/queries/recipes.js","statementMap":{"0":{"start":{"line":4,"column":26},"end":{"line":7,"column":1}},"1":{"start":{"line":5,"column":19},"end":{"line":5,"column":60}},"2":{"start":{"line":6,"column":4},"end":{"line":6,"column":23}},"3":{"start":{"line":9,"column":32},"end":{"line":12,"column":1}},"4":{"start":{"line":10,"column":19},"end":{"line":10,"column":100}},"5":{"start":{"line":11,"column":4},"end":{"line":11,"column":26}},"6":{"start":{"line":14,"column":28},"end":{"line":24,"column":1}},"7":{"start":{"line":15,"column":18},"end":{"line":15,"column":98}},"8":{"start":{"line":16,"column":19},"end":{"line":20,"column":5}},"9":{"start":{"line":22,"column":19},"end":{"line":22,"column":50}},"10":{"start":{"line":23,"column":4},"end":{"line":23,"column":29}},"11":{"start":{"line":26,"column":28},"end":{"line":33,"column":1}},"12":{"start":{"line":27,"column":18},"end":{"line":27,"column":82}},"13":{"start":{"line":28,"column":19},"end":{"line":28,"column":54}},"14":{"start":{"line":29,"column":26},"end":{"line":29,"column":40}},"15":{"start":{"line":31,"column":4},"end":{"line":31,"column":48}},"16":{"start":{"line":32,"column":4},"end":{"line":32,"column":25}},"17":{"start":{"line":35,"column":30},"end":{"line":42,"column":1}},"18":{"start":{"line":36,"column":18},"end":{"line":36,"column":82}},"19":{"start":{"line":37,"column":19},"end":{"line":37,"column":54}},"20":{"start":{"line":38,"column":26},"end":{"line":38,"column":40}},"21":{"start":{"line":40,"column":4},"end":{"line":40,"column":48}},"22":{"start":{"line":41,"column":4},"end":{"line":41,"column":25}},"23":{"start":{"line":45,"column":31},"end":{"line":55,"column":1}},"24":{"start":{"line":46,"column":26},"end":{"line":46,"column":69}},"25":{"start":{"line":48,"column":4},"end":{"line":54,"column":5}},"26":{"start":{"line":49,"column":8},"end":{"line":52,"column":10}},"27":{"start":{"line":53,"column":8},"end":{"line":53,"column":40}}},"fnMap":{"0":{"name":"(anonymous_0)","decl":{"start":{"line":4,"column":26},"end":{"line":4,"column":27}},"loc":{"start":{"line":4,"column":38},"end":{"line":7,"column":1}},"line":4},"1":{"name":"(anonymous_1)","decl":{"start":{"line":9,"column":32},"end":{"line":9,"column":33}},"loc":{"start":{"line":9,"column":44},"end":{"line":12,"column":1}},"line":9},"2":{"name":"(anonymous_2)","decl":{"start":{"line":14,"column":28},"end":{"line":14,"column":29}},"loc":{"start":{"line":14,"column":50},"end":{"line":24,"column":1}},"line":14},"3":{"name":"(anonymous_3)","decl":{"start":{"line":26,"column":28},"end":{"line":26,"column":29}},"loc":{"start":{"line":26,"column":48},"end":{"line":33,"column":1}},"line":26},"4":{"name":"(anonymous_4)","decl":{"start":{"line":35,"column":30},"end":{"line":35,"column":31}},"loc":{"start":{"line":35,"column":50},"end":{"line":42,"column":1}},"line":35},"5":{"name":"(anonymous_5)","decl":{"start":{"line":45,"column":31},"end":{"line":45,"column":32}},"loc":{"start":{"line":45,"column":49},"end":{"line":55,"column":1}},"line":45}},"branchMap":{"0":{"loc":{"start":{"line":48,"column":4},"end":{"line":54,"column":5}},"type":"if","locations":[{"start":{"line":48,"column":4},"end":{"line":54,"column":5}},{"start":{},"end":{}}],"line":48}},"s":{"0":1,"1":0,"2":0,"3":1,"4":0,"5":0,"6":1,"7":0,"8":0,"9":0,"10":0,"11":1,"12":0,"13":0,"14":0,"15":0,"16":0,"17":1,"18":0,"19":0,"20":0,"21":0,"22":0,"23":1,"24":0,"25":0,"26":0,"27":0},"f":{"0":0,"1":0,"2":0,"3":0,"4":0,"5":0},"b":{"0":[0,0]},"_coverageSchema":"1a1c01bbd47fc00a2c39e90264f33305004495a9","hash":"e94993416b6e377c412c81010ce972d4d08a8c2e"}
,"/Users/coraybennett/Documents/code/swen732/daycipe.io/server/routes/factsRoutes.js": {"path":"/Users/coraybennett/Documents/code/swen732/daycipe.io/server/routes/factsRoutes.js","statementMap":{"0":{"start":{"line":2,"column":15},"end":{"line":2,"column":23}},"1":{"start":{"line":7,"column":0},"end":{"line":14,"column":3}},"2":{"start":{"line":8,"column":0},"end":{"line":13,"column":1}},"3":{"start":{"line":9,"column":18},"end":{"line":9,"column":34}},"4":{"start":{"line":10,"column":4},"end":{"line":10,"column":20}},"5":{"start":{"line":12,"column":4},"end":{"line":12,"column":59}},"6":{"start":{"line":17,"column":0},"end":{"line":29,"column":3}},"7":{"start":{"line":18,"column":4},"end":{"line":28,"column":5}},"8":{"start":{"line":19,"column":22},"end":{"line":19,"column":44}},"9":{"start":{"line":20,"column":8},"end":{"line":23,"column":9}},"10":{"start":{"line":21,"column":12},"end":{"line":21,"column":71}},"11":{"start":{"line":22,"column":12},"end":{"line":22,"column":19}},"12":{"start":{"line":25,"column":8},"end":{"line":25,"column":24}},"13":{"start":{"line":27,"column":8},"end":{"line":27,"column":63}},"14":{"start":{"line":32,"column":0},"end":{"line":53,"column":3}},"15":{"start":{"line":33,"column":4},"end":{"line":52,"column":5}},"16":{"start":{"line":34,"column":8},"end":{"line":37,"column":9}},"17":{"start":{"line":35,"column":12},"end":{"line":35,"column":81}},"18":{"start":{"line":36,"column":12},"end":{"line":36,"column":19}},"19":{"start":{"line":39,"column":21},"end":{"line":39,"column":34}},"20":{"start":{"line":40,"column":29},"end":{"line":40,"column":70}},"21":{"start":{"line":41,"column":8},"end":{"line":46,"column":9}},"22":{"start":{"line":42,"column":12},"end":{"line":45,"column":13}},"23":{"start":{"line":43,"column":16},"end":{"line":43,"column":80}},"24":{"start":{"line":44,"column":16},"end":{"line":44,"column":23}},"25":{"start":{"line":48,"column":19},"end":{"line":48,"column":41}},"26":{"start":{"line":49,"column":8},"end":{"line":49,"column":31}},"27":{"start":{"line":51,"column":8},"end":{"line":51,"column":75}},"28":{"start":{"line":56,"column":0},"end":{"line":74,"column":3}},"29":{"start":{"line":57,"column":4},"end":{"line":73,"column":5}},"30":{"start":{"line":58,"column":23},"end":{"line":58,"column":46}},"31":{"start":{"line":59,"column":8},"end":{"line":62,"column":9}},"32":{"start":{"line":60,"column":12},"end":{"line":60,"column":63}},"33":{"start":{"line":61,"column":12},"end":{"line":61,"column":19}},"34":{"start":{"line":64,"column":23},"end":{"line":64,"column":47}},"35":{"start":{"line":65,"column":8},"end":{"line":70,"column":11}},"36":{"start":{"line":72,"column":8},"end":{"line":72,"column":75}},"37":{"start":{"line":77,"column":0},"end":{"line":95,"column":3}},"38":{"start":{"line":78,"column":4},"end":{"line":94,"column":5}},"39":{"start":{"line":79,"column":23},"end":{"line":79,"column":46}},"40":{"start":{"line":80,"column":8},"end":{"line":83,"column":9}},"41":{"start":{"line":81,"column":12},"end":{"line":81,"column":63}},"42":{"start":{"line":82,"column":12},"end":{"line":82,"column":19}},"43":{"start":{"line":85,"column":23},"end":{"line":85,"column":49}},"44":{"start":{"line":86,"column":8},"end":{"line":91,"column":11}},"45":{"start":{"line":93,"column":8},"end":{"line":93,"column":77}}},"fnMap":{"0":{"name":"(anonymous_0)","decl":{"start":{"line":7,"column":16},"end":{"line":7,"column":17}},"loc":{"start":{"line":7,"column":36},"end":{"line":14,"column":1}},"line":7},"1":{"name":"(anonymous_1)","decl":{"start":{"line":17,"column":21},"end":{"line":17,"column":22}},"loc":{"start":{"line":17,"column":41},"end":{"line":29,"column":1}},"line":17},"2":{"name":"(anonymous_2)","decl":{"start":{"line":32,"column":23},"end":{"line":32,"column":24}},"loc":{"start":{"line":32,"column":43},"end":{"line":53,"column":1}},"line":32},"3":{"name":"(anonymous_3)","decl":{"start":{"line":56,"column":27},"end":{"line":56,"column":28}},"loc":{"start":{"line":56,"column":47},"end":{"line":74,"column":1}},"line":56},"4":{"name":"(anonymous_4)","decl":{"start":{"line":77,"column":29},"end":{"line":77,"column":30}},"loc":{"start":{"line":77,"column":49},"end":{"line":95,"column":1}},"line":77}},"branchMap":{"0":{"loc":{"start":{"line":20,"column":8},"end":{"line":23,"column":9}},"type":"if","locations":[{"start":{"line":20,"column":8},"end":{"line":23,"column":9}},{"start":{},"end":{}}],"line":20},"1":{"loc":{"start":{"line":34,"column":8},"end":{"line":37,"column":9}},"type":"if","locations":[{"start":{"line":34,"column":8},"end":{"line":37,"column":9}},{"start":{},"end":{}}],"line":34},"2":{"loc":{"start":{"line":34,"column":11},"end":{"line":34,"column":45}},"type":"binary-expr","locations":[{"start":{"line":34,"column":11},"end":{"line":34,"column":20}},{"start":{"line":34,"column":24},"end":{"line":34,"column":45}}],"line":34},"3":{"loc":{"start":{"line":42,"column":12},"end":{"line":45,"column":13}},"type":"if","locations":[{"start":{"line":42,"column":12},"end":{"line":45,"column":13}},{"start":{},"end":{}}],"line":42},"4":{"loc":{"start":{"line":59,"column":8},"end":{"line":62,"column":9}},"type":"if","locations":[{"start":{"line":59,"column":8},"end":{"line":62,"column":9}},{"start":{},"end":{}}],"line":59},"5":{"loc":{"start":{"line":80,"column":8},"end":{"line":83,"column":9}},"type":"if","locations":[{"start":{"line":80,"column":8},"end":{"line":83,"column":9}},{"start":{},"end":{}}],"line":80}},"s":{"0":1,"1":1,"2":2,"3":2,"4":1,"5":1,"6":1,"7":3,"8":3,"9":2,"10":1,"11":1,"12":1,"13":1,"14":1,"15":4,"16":4,"17":1,"18":1,"19":3,"20":3,"21":3,"22":11,"23":1,"24":1,"25":2,"26":1,"27":1,"28":1,"29":3,"30":3,"31":3,"32":1,"33":1,"34":2,"35":1,"36":1,"37":1,"38":4,"39":4,"40":4,"41":1,"42":1,"43":3,"44":2,"45":1},"f":{"0":2,"1":3,"2":4,"3":3,"4":4},"b":{"0":[1,1],"1":[1,3],"2":[4,4],"3":[1,10],"4":[1,2],"5":[1,3]},"_coverageSchema":"1a1c01bbd47fc00a2c39e90264f33305004495a9","hash":"de9f369d930c69e5533bdc80b7a5ad79e4d77da7"}
,"/Users/coraybennett/Documents/code/swen732/daycipe.io/server/routes/jokesRoutes.js": {"path":"/Users/coraybennett/Documents/code/swen732/daycipe.io/server/routes/jokesRoutes.js","statementMap":{"0":{"start":{"line":2,"column":15},"end":{"line":2,"column":23}},"1":{"start":{"line":7,"column":0},"end":{"line":14,"column":3}},"2":{"start":{"line":8,"column":0},"end":{"line":13,"column":1}},"3":{"start":{"line":9,"column":18},"end":{"line":9,"column":34}},"4":{"start":{"line":10,"column":4},"end":{"line":10,"column":20}},"5":{"start":{"line":12,"column":4},"end":{"line":12,"column":59}},"6":{"start":{"line":17,"column":0},"end":{"line":29,"column":3}},"7":{"start":{"line":18,"column":4},"end":{"line":28,"column":5}},"8":{"start":{"line":19,"column":22},"end":{"line":19,"column":45}},"9":{"start":{"line":20,"column":8},"end":{"line":23,"column":9}},"10":{"start":{"line":21,"column":12},"end":{"line":21,"column":72}},"11":{"start":{"line":22,"column":12},"end":{"line":22,"column":19}},"12":{"start":{"line":25,"column":8},"end":{"line":25,"column":24}},"13":{"start":{"line":27,"column":8},"end":{"line":27,"column":63}},"14":{"start":{"line":32,"column":0},"end":{"line":53,"column":3}},"15":{"start":{"line":33,"column":4},"end":{"line":52,"column":5}},"16":{"start":{"line":34,"column":21},"end":{"line":34,"column":34}},"17":{"start":{"line":35,"column":8},"end":{"line":38,"column":9}},"18":{"start":{"line":36,"column":12},"end":{"line":36,"column":81}},"19":{"start":{"line":37,"column":12},"end":{"line":37,"column":19}},"20":{"start":{"line":40,"column":29},"end":{"line":40,"column":57}},"21":{"start":{"line":41,"column":8},"end":{"line":46,"column":9}},"22":{"start":{"line":42,"column":12},"end":{"line":45,"column":13}},"23":{"start":{"line":43,"column":16},"end":{"line":43,"column":80}},"24":{"start":{"line":44,"column":16},"end":{"line":44,"column":23}},"25":{"start":{"line":48,"column":19},"end":{"line":48,"column":41}},"26":{"start":{"line":49,"column":8},"end":{"line":49,"column":31}},"27":{"start":{"line":51,"column":8},"end":{"line":51,"column":75}},"28":{"start":{"line":56,"column":0},"end":{"line":74,"column":3}},"29":{"start":{"line":57,"column":4},"end":{"line":73,"column":5}},"30":{"start":{"line":58,"column":23},"end":{"line":58,"column":46}},"31":{"start":{"line":59,"column":8},"end":{"line":62,"column":9}},"32":{"start":{"line":60,"column":12},"end":{"line":60,"column":63}},"33":{"start":{"line":61,"column":12},"end":{"line":61,"column":19}},"34":{"start":{"line":64,"column":23},"end":{"line":64,"column":47}},"35":{"start":{"line":65,"column":8},"end":{"line":70,"column":11}},"36":{"start":{"line":72,"column":8},"end":{"line":72,"column":75}},"37":{"start":{"line":77,"column":0},"end":{"line":95,"column":3}},"38":{"start":{"line":78,"column":4},"end":{"line":94,"column":5}},"39":{"start":{"line":79,"column":23},"end":{"line":79,"column":46}},"40":{"start":{"line":80,"column":8},"end":{"line":83,"column":9}},"41":{"start":{"line":81,"column":12},"end":{"line":81,"column":63}},"42":{"start":{"line":82,"column":12},"end":{"line":82,"column":19}},"43":{"start":{"line":85,"column":23},"end":{"line":85,"column":49}},"44":{"start":{"line":86,"column":8},"end":{"line":91,"column":11}},"45":{"start":{"line":93,"column":8},"end":{"line":93,"column":77}}},"fnMap":{"0":{"name":"(anonymous_0)","decl":{"start":{"line":7,"column":16},"end":{"line":7,"column":17}},"loc":{"start":{"line":7,"column":36},"end":{"line":14,"column":1}},"line":7},"1":{"name":"(anonymous_1)","decl":{"start":{"line":17,"column":21},"end":{"line":17,"column":22}},"loc":{"start":{"line":17,"column":41},"end":{"line":29,"column":1}},"line":17},"2":{"name":"(anonymous_2)","decl":{"start":{"line":32,"column":23},"end":{"line":32,"column":24}},"loc":{"start":{"line":32,"column":43},"end":{"line":53,"column":1}},"line":32},"3":{"name":"(anonymous_3)","decl":{"start":{"line":56,"column":27},"end":{"line":56,"column":28}},"loc":{"start":{"line":56,"column":47},"end":{"line":74,"column":1}},"line":56},"4":{"name":"(anonymous_4)","decl":{"start":{"line":77,"column":29},"end":{"line":77,"column":30}},"loc":{"start":{"line":77,"column":49},"end":{"line":95,"column":1}},"line":77}},"branchMap":{"0":{"loc":{"start":{"line":20,"column":8},"end":{"line":23,"column":9}},"type":"if","locations":[{"start":{"line":20,"column":8},"end":{"line":23,"column":9}},{"start":{},"end":{}}],"line":20},"1":{"loc":{"start":{"line":35,"column":8},"end":{"line":38,"column":9}},"type":"if","locations":[{"start":{"line":35,"column":8},"end":{"line":38,"column":9}},{"start":{},"end":{}}],"line":35},"2":{"loc":{"start":{"line":42,"column":12},"end":{"line":45,"column":13}},"type":"if","locations":[{"start":{"line":42,"column":12},"end":{"line":45,"column":13}},{"start":{},"end":{}}],"line":42},"3":{"loc":{"start":{"line":59,"column":8},"end":{"line":62,"column":9}},"type":"if","locations":[{"start":{"line":59,"column":8},"end":{"line":62,"column":9}},{"start":{},"end":{}}],"line":59},"4":{"loc":{"start":{"line":80,"column":8},"end":{"line":83,"column":9}},"type":"if","locations":[{"start":{"line":80,"column":8},"end":{"line":83,"column":9}},{"start":{},"end":{}}],"line":80}},"s":{"0":1,"1":1,"2":2,"3":2,"4":1,"5":1,"6":1,"7":3,"8":3,"9":2,"10":1,"11":1,"12":1,"13":1,"14":1,"15":4,"16":4,"17":4,"18":1,"19":1,"20":3,"21":3,"22":6,"23":1,"24":1,"25":2,"26":1,"27":1,"28":1,"29":3,"30":3,"31":3,"32":1,"33":1,"34":2,"35":1,"36":1,"37":1,"38":4,"39":4,"40":4,"41":1,"42":1,"43":3,"44":2,"45":1},"f":{"0":2,"1":3,"2":4,"3":3,"4":4},"b":{"0":[1,1],"1":[1,3],"2":[1,5],"3":[1,2],"4":[1,3]},"_coverageSchema":"1a1c01bbd47fc00a2c39e90264f33305004495a9","hash":"2c8d714ecc15bc944a7bc4a39fdd26eac53a1088"}
,"/Users/coraybennett/Documents/code/swen732/daycipe.io/server/routes/recipesRoutes.js": {"path":"/Users/coraybennett/Documents/code/swen732/daycipe.io/server/routes/recipesRoutes.js","statementMap":{"0":{"start":{"line":2,"column":15},"end":{"line":2,"column":23}},"1":{"start":{"line":7,"column":0},"end":{"line":14,"column":3}},"2":{"start":{"line":8,"column":0},"end":{"line":13,"column":1}},"3":{"start":{"line":9,"column":18},"end":{"line":9,"column":36}},"4":{"start":{"line":10,"column":4},"end":{"line":10,"column":20}},"5":{"start":{"line":12,"column":4},"end":{"line":12,"column":61}},"6":{"start":{"line":17,"column":0},"end":{"line":29,"column":3}},"7":{"start":{"line":18,"column":4},"end":{"line":28,"column":5}},"8":{"start":{"line":19,"column":22},"end":{"line":19,"column":46}},"9":{"start":{"line":20,"column":8},"end":{"line":23,"column":9}},"10":{"start":{"line":21,"column":12},"end":{"line":21,"column":74}},"11":{"start":{"line":22,"column":12},"end":{"line":22,"column":19}},"12":{"start":{"line":25,"column":8},"end":{"line":25,"column":24}},"13":{"start":{"line":27,"column":8},"end":{"line":27,"column":65}},"14":{"start":{"line":32,"column":0},"end":{"line":53,"column":3}},"15":{"start":{"line":33,"column":4},"end":{"line":52,"column":5}},"16":{"start":{"line":34,"column":23},"end":{"line":34,"column":38}},"17":{"start":{"line":35,"column":8},"end":{"line":38,"column":9}},"18":{"start":{"line":36,"column":12},"end":{"line":36,"column":83}},"19":{"start":{"line":37,"column":12},"end":{"line":37,"column":19}},"20":{"start":{"line":40,"column":29},"end":{"line":40,"column":69}},"21":{"start":{"line":41,"column":8},"end":{"line":46,"column":9}},"22":{"start":{"line":42,"column":12},"end":{"line":45,"column":13}},"23":{"start":{"line":43,"column":16},"end":{"line":43,"column":80}},"24":{"start":{"line":44,"column":16},"end":{"line":44,"column":23}},"25":{"start":{"line":48,"column":19},"end":{"line":48,"column":45}},"26":{"start":{"line":49,"column":8},"end":{"line":49,"column":33}},"27":{"start":{"line":51,"column":8},"end":{"line":51,"column":77}},"28":{"start":{"line":56,"column":0},"end":{"line":74,"column":3}},"29":{"start":{"line":57,"column":4},"end":{"line":73,"column":5}},"30":{"start":{"line":58,"column":25},"end":{"line":58,"column":48}},"31":{"start":{"line":59,"column":8},"end":{"line":62,"column":9}},"32":{"start":{"line":60,"column":12},"end":{"line":60,"column":65}},"33":{"start":{"line":61,"column":12},"end":{"line":61,"column":19}},"34":{"start":{"line":64,"column":23},"end":{"line":64,"column":51}},"35":{"start":{"line":65,"column":8},"end":{"line":70,"column":11}},"36":{"start":{"line":72,"column":8},"end":{"line":72,"column":77}},"37":{"start":{"line":77,"column":0},"end":{"line":95,"column":3}},"38":{"start":{"line":78,"column":4},"end":{"line":94,"column":5}},"39":{"start":{"line":79,"column":25},"end":{"line":79,"column":48}},"40":{"start":{"line":80,"column":8},"end":{"line":83,"column":9}},"41":{"start":{"line":81,"column":12},"end":{"line":81,"column":65}},"42":{"start":{"line":82,"column":12},"end":{"line":82,"column":19}},"43":{"start":{"line":85,"column":23},"end":{"line":85,"column":53}},"44":{"start":{"line":86,"column":8},"end":{"line":91,"column":11}},"45":{"start":{"line":93,"column":8},"end":{"line":93,"column":79}}},"fnMap":{"0":{"name":"(anonymous_0)","decl":{"start":{"line":7,"column":16},"end":{"line":7,"column":17}},"loc":{"start":{"line":7,"column":36},"end":{"line":14,"column":1}},"line":7},"1":{"name":"(anonymous_1)","decl":{"start":{"line":17,"column":21},"end":{"line":17,"column":22}},"loc":{"start":{"line":17,"column":41},"end":{"line":29,"column":1}},"line":17},"2":{"name":"(anonymous_2)","decl":{"start":{"line":32,"column":23},"end":{"line":32,"column":24}},"loc":{"start":{"line":32,"column":43},"end":{"line":53,"column":1}},"line":32},"3":{"name":"(anonymous_3)","decl":{"start":{"line":56,"column":27},"end":{"line":56,"column":28}},"loc":{"start":{"line":56,"column":47},"end":{"line":74,"column":1}},"line":56},"4":{"name":"(anonymous_4)","decl":{"start":{"line":77,"column":29},"end":{"line":77,"column":30}},"loc":{"start":{"line":77,"column":49},"end":{"line":95,"column":1}},"line":77}},"branchMap":{"0":{"loc":{"start":{"line":20,"column":8},"end":{"line":23,"column":9}},"type":"if","locations":[{"start":{"line":20,"column":8},"end":{"line":23,"column":9}},{"start":{},"end":{}}],"line":20},"1":{"loc":{"start":{"line":35,"column":8},"end":{"line":38,"column":9}},"type":"if","locations":[{"start":{"line":35,"column":8},"end":{"line":38,"column":9}},{"start":{},"end":{}}],"line":35},"2":{"loc":{"start":{"line":42,"column":12},"end":{"line":45,"column":13}},"type":"if","locations":[{"start":{"line":42,"column":12},"end":{"line":45,"column":13}},{"start":{},"end":{}}],"line":42},"3":{"loc":{"start":{"line":59,"column":8},"end":{"line":62,"column":9}},"type":"if","locations":[{"start":{"line":59,"column":8},"end":{"line":62,"column":9}},{"start":{},"end":{}}],"line":59},"4":{"loc":{"start":{"line":80,"column":8},"end":{"line":83,"column":9}},"type":"if","locations":[{"start":{"line":80,"column":8},"end":{"line":83,"column":9}},{"start":{},"end":{}}],"line":80}},"s":{"0":1,"1":1,"2":2,"3":2,"4":1,"5":1,"6":1,"7":3,"8":3,"9":2,"10":1,"11":1,"12":1,"13":1,"14":1,"15":4,"16":4,"17":4,"18":1,"19":1,"20":3,"21":3,"22":8,"23":1,"24":1,"25":2,"26":1,"27":1,"28":1,"29":3,"30":3,"31":3,"32":1,"33":1,"34":2,"35":1,"36":1,"37":1,"38":4,"39":4,"40":4,"41":1,"42":1,"43":3,"44":2,"45":1},"f":{"0":2,"1":3,"2":4,"3":3,"4":4},"b":{"0":[1,1],"1":[1,3],"2":[1,7],"3":[1,2],"4":[1,3]},"_coverageSchema":"1a1c01bbd47fc00a2c39e90264f33305004495a9","hash":"87410470ff3851839445456a6ec995362fe1f645"}
}
